<?xml version="1.0" encoding="UTF-8"?>
<!-- Generated by org.testng.reporters.JUnitReportReporter -->
<testsuite hostname="Panadol-Extra" failures="0" tests="4" name="testCases.RegisterTest" time="6.063" errors="0" timestamp="2023-11-14T17:36:36 PKT" skipped="0">
  <testcase classname="testCases.RegisterTest" name="openBRoswser" time="6.062"/>
  <system-out/>
  <testcase classname="testCases.RegisterTest" name="LoginBtnTest1" time="0.000"/>
  <system-out/>
  <testcase classname="testCases.RegisterTest" name="LoginBtnTest2" time="0.000"/>
  <system-out/>
  <testcase classname="testCases.RegisterTest" name="LoginBtnTest3" time="0.001"/>
  <system-out/>
</testsuite> <!-- testCases.RegisterTest -->
