<?xml version="1.0" encoding="UTF-8"?>
<!-- Generated by org.testng.reporters.JUnitReportReporter -->
<testsuite hostname="Panadol-Extra" failures="0" tests="1" name="autmation.firstProject.AppTest" time="0.006" errors="0" timestamp="2023-11-14T17:23:02 PKT" skipped="0">
  <testcase classname="autmation.firstProject.AppTest" name="shouldAnswerWithTrue" time="0.006"/>
  <system-out/>
</testsuite> <!-- autmation.firstProject.AppTest -->
